<?xml version="1.0" encoding="UTF-8"?>
<!-- Generated by org.testng.reporters.JUnitXMLReporter -->
<testsuite ignored="0" hostname="LAPTOP-VGBFU46S" failures="0" tests="7" name="TN Login Tests" time="27.233" errors="0" timestamp="2023-04-27T18:30:15 PDT">
  <testcase classname="com.tn.qa.testcases.LoginTest" name="verifyValidUsernameAndValidPassword" time="0.598"/>
  <testcase classname="com.tn.qa.testcases.LoginTest" name="verifyInvalidUsernameAndInvalidPassword" time="0.426"/>
  <testcase classname="com.tn.qa.testcases.LoginTest" name="verifyValidUsernameAndInvalidPassword" time="0.43"/>
  <testcase classname="com.tn.qa.testcases.LoginTest" name="verifyEmptyUsernameAndValidPassword" time="0.36"/>
  <testcase classname="com.tn.qa.testcases.LoginTest" name="verifyValidUsernameAndEmptyPassword" time="0.386"/>
  <testcase classname="com.tn.qa.testcases.LoginTest" name="verifyEmptyUsernameAndEmptyPassword" time="0.323"/>
  <testcase classname="com.tn.qa.testcases.LoginTest" name="verifyInvalidUsernameAndValidPassword" time="0.391"/>
</testsuite> <!-- TN Login Tests -->
