<?xml version="1.0" encoding="UTF-8"?>
<!-- Generated by org.testng.reporters.JUnitXMLReporter -->
<testsuite ignored="0" hostname="LAPTOP-VGBFU46S" failures="0" tests="10" name="TN Register Tests" time="45.096" errors="0" timestamp="2023-04-27T18:29:48 PDT">
  <testcase classname="com.tn.qa.testcases.RegisterAccountTest" name="verifyRegisterAccountWithAllValidFields" time="0.841"/>
  <testcase classname="com.tn.qa.testcases.RegisterAccountTest" name="verifyRegisterAccountWithAllEmptyFields" time="0.583"/>
  <testcase classname="com.tn.qa.testcases.RegisterAccountTest" name="verifyRegisterAccountWithEmptyFirstNameAndByEnteringAllValidFields" time="0.576"/>
  <testcase classname="com.tn.qa.testcases.RegisterAccountTest" name="verifyRegisterAccountWithEmptyLastnameAndByEnteringAllValidFields" time="0.588"/>
  <testcase classname="com.tn.qa.testcases.RegisterAccountTest" name="verifyRegisterAccountWithEmptyEmailAndByEnteringAllValidFields" time="0.573"/>
  <testcase classname="com.tn.qa.testcases.RegisterAccountTest" name="verifyRegisterAccountWithEmptyTelephoneAndByEnteringAllValidFields" time="0.59"/>
  <testcase classname="com.tn.qa.testcases.RegisterAccountTest" name="verifyRegisterAccountWithEmptyPasswordAndEmptyPasswordConfirmAndByEnteringAllValidFields" time="0.6"/>
  <testcase classname="com.tn.qa.testcases.RegisterAccountTest" name="verifyRegisterAccountWithEmptyPaswordConfirmAndByEnteringAllValidFields" time="0.581"/>
  <testcase classname="com.tn.qa.testcases.RegisterAccountTest" name="verifyRegisterAccountWithEmptyTeleponeAndEmptyEmailAndByEnteringAllValidFields" time="0.582"/>
  <testcase classname="com.tn.qa.testcases.RegisterAccountTest" name="verifyRegisterAccountWithValidEmailAndEmptyAllFields" time="0.617"/>
</testsuite> <!-- TN Register Tests -->
