<?xml version="1.0" encoding="UTF-8"?>
<!-- Generated by org.testng.reporters.JUnitXMLReporter -->
<testsuite ignored="0" hostname="LAPTOP-VGBFU46S" failures="0" tests="11" name="TN Search Products Tests" time="55.604" errors="0" timestamp="2023-04-27T18:31:11 PDT">
  <testcase classname="com.tn.qa.testcases.SearchTest" name="verifyEmptySearchProduct" time="0.365"/>
  <testcase classname="com.tn.qa.testcases.SearchTest" name="verifyInvalidSearchProduct" time="0.389"/>
  <testcase classname="com.tn.qa.testcases.SearchTest" name="verifySearchProductWithSpacesInTheMiddle" time="0.653"/>
  <testcase classname="com.tn.qa.testcases.SearchTest" name="verifyMisspelledSearchProduct" time="10.416"/>
  <testcase classname="com.tn.qa.testcases.SearchTest" name="verifyAllUpperCaseSearchProduct" time="0.787"/>
  <testcase classname="com.tn.qa.testcases.SearchTest" name="verifySpecialCharacterSearchProduct" time="0.349"/>
  <testcase classname="com.tn.qa.testcases.SearchTest" name="verifyNumbersInSearchProduct" time="0.363"/>
  <testcase classname="com.tn.qa.testcases.SearchTest" name="SearchProductWithSpacesBetweenEachLetter" time="0.699"/>
  <testcase classname="com.tn.qa.testcases.SearchTest" name="SearchProductWithLeadingAndTrailingSpaces" time="1.388"/>
  <testcase classname="com.tn.qa.testcases.SearchTest" name="SearchProductWithPartialProductName" time="0.775"/>
  <testcase classname="com.tn.qa.testcases.SearchTest" name="SearchProductWithTwoSpaces" time="2.59"/>
</testsuite> <!-- TN Search Products Tests -->
