<?xml version="1.0" encoding="UTF-8"?>
<!-- Generated by org.testng.reporters.JUnitXMLReporter -->
<testsuite hostname="LAPTOP-VGBFU46S" ignored="0" name="TN Login Tests" tests="7" failures="0" timestamp="28 Apr 2023 02:32:16 GMT" time="33.264" errors="0">
  <testcase name="verifyValidUsernameAndValidPassword" time="0.665" classname="com.tn.qa.testcases.LoginTest"/>
  <testcase name="verifyInvalidUsernameAndInvalidPassword" time="0.442" classname="com.tn.qa.testcases.LoginTest"/>
  <testcase name="verifyValidUsernameAndInvalidPassword" time="0.451" classname="com.tn.qa.testcases.LoginTest"/>
  <testcase name="verifyEmptyUsernameAndValidPassword" time="0.371" classname="com.tn.qa.testcases.LoginTest"/>
  <testcase name="verifyValidUsernameAndEmptyPassword" time="0.381" classname="com.tn.qa.testcases.LoginTest"/>
  <testcase name="verifyEmptyUsernameAndEmptyPassword" time="0.337" classname="com.tn.qa.testcases.LoginTest"/>
  <testcase name="verifyInvalidUsernameAndValidPassword" time="0.436" classname="com.tn.qa.testcases.LoginTest"/>
</testsuite> <!-- TN Login Tests -->
