<?xml version="1.0" encoding="UTF-8"?>
<!-- Generated by org.testng.reporters.JUnitXMLReporter -->
<testsuite hostname="LAPTOP-VGBFU46S" ignored="0" name="TN Register Tests" tests="10" failures="0" timestamp="28 Apr 2023 02:31:42 GMT" time="49.785" errors="0">
  <testcase name="verifyRegisterAccountWithAllValidFields" time="0.861" classname="com.tn.qa.testcases.RegisterAccountTest"/>
  <testcase name="verifyRegisterAccountWithAllEmptyFields" time="0.682" classname="com.tn.qa.testcases.RegisterAccountTest"/>
  <testcase name="verifyRegisterAccountWithEmptyFirstNameAndByEnteringAllValidFields" time="0.607" classname="com.tn.qa.testcases.RegisterAccountTest"/>
  <testcase name="verifyRegisterAccountWithEmptyLastnameAndByEnteringAllValidFields" time="0.603" classname="com.tn.qa.testcases.RegisterAccountTest"/>
  <testcase name="verifyRegisterAccountWithEmptyEmailAndByEnteringAllValidFields" time="0.585" classname="com.tn.qa.testcases.RegisterAccountTest"/>
  <testcase name="verifyRegisterAccountWithEmptyTelephoneAndByEnteringAllValidFields" time="0.582" classname="com.tn.qa.testcases.RegisterAccountTest"/>
  <testcase name="verifyRegisterAccountWithEmptyPasswordAndEmptyPasswordConfirmAndByEnteringAllValidFields" time="0.592" classname="com.tn.qa.testcases.RegisterAccountTest"/>
  <testcase name="verifyRegisterAccountWithEmptyPaswordConfirmAndByEnteringAllValidFields" time="0.577" classname="com.tn.qa.testcases.RegisterAccountTest"/>
  <testcase name="verifyRegisterAccountWithEmptyTeleponeAndEmptyEmailAndByEnteringAllValidFields" time="0.607" classname="com.tn.qa.testcases.RegisterAccountTest"/>
  <testcase name="verifyRegisterAccountWithValidEmailAndEmptyAllFields" time="0.639" classname="com.tn.qa.testcases.RegisterAccountTest"/>
</testsuite> <!-- TN Register Tests -->
