<?xml version="1.0" encoding="UTF-8"?>
<!-- Generated by org.testng.reporters.JUnitXMLReporter -->
<testsuite hostname="LAPTOP-VGBFU46S" ignored="0" name="TN Search Products Tests" tests="11" failures="0" timestamp="28 Apr 2023 02:33:18 GMT" time="61.96" errors="0">
  <testcase name="verifyEmptySearchProduct" time="0.376" classname="com.tn.qa.testcases.SearchTest"/>
  <testcase name="verifyInvalidSearchProduct" time="0.403" classname="com.tn.qa.testcases.SearchTest"/>
  <testcase name="verifySearchProductWithSpacesInTheMiddle" time="0.585" classname="com.tn.qa.testcases.SearchTest"/>
  <testcase name="verifyMisspelledSearchProduct" time="10.358" classname="com.tn.qa.testcases.SearchTest"/>
  <testcase name="verifyAllUpperCaseSearchProduct" time="0.794" classname="com.tn.qa.testcases.SearchTest"/>
  <testcase name="verifySpecialCharacterSearchProduct" time="0.333" classname="com.tn.qa.testcases.SearchTest"/>
  <testcase name="verifyNumbersInSearchProduct" time="0.325" classname="com.tn.qa.testcases.SearchTest"/>
  <testcase name="SearchProductWithSpacesBetweenEachLetter" time="0.725" classname="com.tn.qa.testcases.SearchTest"/>
  <testcase name="SearchProductWithLeadingAndTrailingSpaces" time="0.718" classname="com.tn.qa.testcases.SearchTest"/>
  <testcase name="SearchProductWithPartialProductName" time="0.861" classname="com.tn.qa.testcases.SearchTest"/>
  <testcase name="SearchProductWithTwoSpaces" time="2.819" classname="com.tn.qa.testcases.SearchTest"/>
</testsuite> <!-- TN Search Products Tests -->
