<?xml version="1.0" encoding="UTF-8"?>
<!-- Generated by org.testng.reporters.JUnitXMLReporter -->
<testsuite ignored="0" hostname="LAPTOP-VGBFU46S" failures="0" tests="7" name="Default test" time="28.566" errors="0" timestamp="2023-04-27T18:20:05 PDT">
  <testcase classname="com.tn.qa.testcases.LoginTest" name="verifyValidUsernameAndValidPassword" time="0.661"/>
  <testcase classname="com.tn.qa.testcases.LoginTest" name="verifyInvalidUsernameAndInvalidPassword" time="0.445"/>
  <testcase classname="com.tn.qa.testcases.LoginTest" name="verifyValidUsernameAndInvalidPassword" time="0.431"/>
  <testcase classname="com.tn.qa.testcases.LoginTest" name="verifyEmptyUsernameAndValidPassword" time="0.379"/>
  <testcase classname="com.tn.qa.testcases.LoginTest" name="verifyValidUsernameAndEmptyPassword" time="0.352"/>
  <testcase classname="com.tn.qa.testcases.LoginTest" name="verifyEmptyUsernameAndEmptyPassword" time="0.33"/>
  <testcase classname="com.tn.qa.testcases.LoginTest" name="verifyInvalidUsernameAndValidPassword" time="0.416"/>
</testsuite> <!-- Default test -->
