<?xml version="1.0" encoding="UTF-8"?>
<testng-results skipped="0" failed="0" ignored="0" total="28" passed="28">
  <reporter-output>
  </reporter-output>
  <suite name="TutorialsNinja Hybrid Automation Suite" duration-ms="145452" started-at="2023-04-28T02:30:52Z" finished-at="2023-04-28T02:33:18Z">
    <groups>
    </groups>
    <test name="TN Register Tests" duration-ms="49785" started-at="2023-04-28T02:30:52Z" finished-at="2023-04-28T02:31:42Z">
      <class name="com.tn.qa.testcases.RegisterAccountTest">
        <test-method status="PASS" signature="setUp()[pri:0, instance:com.tn.qa.testcases.RegisterAccountTest@1700915]" name="setUp" is-config="true" duration-ms="4437" started-at="2023-04-28T02:30:52Z" finished-at="2023-04-28T02:30:57Z">
          <reporter-output>
          </reporter-output>
        </test-method> <!-- setUp -->
        <test-method status="PASS" signature="verifyRegisterAccountWithAllValidFields()[pri:1, instance:com.tn.qa.testcases.RegisterAccountTest@1700915]" name="verifyRegisterAccountWithAllValidFields" duration-ms="861" started-at="2023-04-28T02:30:57Z" finished-at="2023-04-28T02:30:58Z">
          <reporter-output>
          </reporter-output>
        </test-method> <!-- verifyRegisterAccountWithAllValidFields -->
        <test-method status="PASS" signature="teardown()[pri:0, instance:com.tn.qa.testcases.RegisterAccountTest@1700915]" name="teardown" is-config="true" duration-ms="652" started-at="2023-04-28T02:30:58Z" finished-at="2023-04-28T02:30:58Z">
          <reporter-output>
          </reporter-output>
        </test-method> <!-- teardown -->
        <test-method status="PASS" signature="setUp()[pri:0, instance:com.tn.qa.testcases.RegisterAccountTest@1700915]" name="setUp" is-config="true" duration-ms="3458" started-at="2023-04-28T02:30:58Z" finished-at="2023-04-28T02:31:02Z">
          <reporter-output>
          </reporter-output>
        </test-method> <!-- setUp -->
        <test-method status="PASS" signature="verifyRegisterAccountWithAllEmptyFields()[pri:2, instance:com.tn.qa.testcases.RegisterAccountTest@1700915]" name="verifyRegisterAccountWithAllEmptyFields" duration-ms="682" started-at="2023-04-28T02:31:02Z" finished-at="2023-04-28T02:31:03Z">
          <reporter-output>
          </reporter-output>
        </test-method> <!-- verifyRegisterAccountWithAllEmptyFields -->
        <test-method status="PASS" signature="teardown()[pri:0, instance:com.tn.qa.testcases.RegisterAccountTest@1700915]" name="teardown" is-config="true" duration-ms="641" started-at="2023-04-28T02:31:03Z" finished-at="2023-04-28T02:31:03Z">
          <reporter-output>
          </reporter-output>
        </test-method> <!-- teardown -->
        <test-method status="PASS" signature="setUp()[pri:0, instance:com.tn.qa.testcases.RegisterAccountTest@1700915]" name="setUp" is-config="true" duration-ms="3651" started-at="2023-04-28T02:31:03Z" finished-at="2023-04-28T02:31:07Z">
          <reporter-output>
          </reporter-output>
        </test-method> <!-- setUp -->
        <test-method status="PASS" signature="verifyRegisterAccountWithEmptyFirstNameAndByEnteringAllValidFields()[pri:3, instance:com.tn.qa.testcases.RegisterAccountTest@1700915]" name="verifyRegisterAccountWithEmptyFirstNameAndByEnteringAllValidFields" duration-ms="607" started-at="2023-04-28T02:31:07Z" finished-at="2023-04-28T02:31:07Z">
          <reporter-output>
          </reporter-output>
        </test-method> <!-- verifyRegisterAccountWithEmptyFirstNameAndByEnteringAllValidFields -->
        <test-method status="PASS" signature="teardown()[pri:0, instance:com.tn.qa.testcases.RegisterAccountTest@1700915]" name="teardown" is-config="true" duration-ms="670" started-at="2023-04-28T02:31:07Z" finished-at="2023-04-28T02:31:08Z">
          <reporter-output>
          </reporter-output>
        </test-method> <!-- teardown -->
        <test-method status="PASS" signature="setUp()[pri:0, instance:com.tn.qa.testcases.RegisterAccountTest@1700915]" name="setUp" is-config="true" duration-ms="3571" started-at="2023-04-28T02:31:08Z" finished-at="2023-04-28T02:31:12Z">
          <reporter-output>
          </reporter-output>
        </test-method> <!-- setUp -->
        <test-method status="PASS" signature="verifyRegisterAccountWithEmptyLastnameAndByEnteringAllValidFields()[pri:4, instance:com.tn.qa.testcases.RegisterAccountTest@1700915]" name="verifyRegisterAccountWithEmptyLastnameAndByEnteringAllValidFields" duration-ms="603" started-at="2023-04-28T02:31:12Z" finished-at="2023-04-28T02:31:12Z">
          <reporter-output>
          </reporter-output>
        </test-method> <!-- verifyRegisterAccountWithEmptyLastnameAndByEnteringAllValidFields -->
        <test-method status="PASS" signature="teardown()[pri:0, instance:com.tn.qa.testcases.RegisterAccountTest@1700915]" name="teardown" is-config="true" duration-ms="654" started-at="2023-04-28T02:31:12Z" finished-at="2023-04-28T02:31:13Z">
          <reporter-output>
          </reporter-output>
        </test-method> <!-- teardown -->
        <test-method status="PASS" signature="setUp()[pri:0, instance:com.tn.qa.testcases.RegisterAccountTest@1700915]" name="setUp" is-config="true" duration-ms="3463" started-at="2023-04-28T02:31:13Z" finished-at="2023-04-28T02:31:16Z">
          <reporter-output>
          </reporter-output>
        </test-method> <!-- setUp -->
        <test-method status="PASS" signature="verifyRegisterAccountWithEmptyEmailAndByEnteringAllValidFields()[pri:5, instance:com.tn.qa.testcases.RegisterAccountTest@1700915]" name="verifyRegisterAccountWithEmptyEmailAndByEnteringAllValidFields" duration-ms="585" started-at="2023-04-28T02:31:16Z" finished-at="2023-04-28T02:31:17Z">
          <reporter-output>
          </reporter-output>
        </test-method> <!-- verifyRegisterAccountWithEmptyEmailAndByEnteringAllValidFields -->
        <test-method status="PASS" signature="teardown()[pri:0, instance:com.tn.qa.testcases.RegisterAccountTest@1700915]" name="teardown" is-config="true" duration-ms="654" started-at="2023-04-28T02:31:17Z" finished-at="2023-04-28T02:31:18Z">
          <reporter-output>
          </reporter-output>
        </test-method> <!-- teardown -->
        <test-method status="PASS" signature="setUp()[pri:0, instance:com.tn.qa.testcases.RegisterAccountTest@1700915]" name="setUp" is-config="true" duration-ms="3570" started-at="2023-04-28T02:31:18Z" finished-at="2023-04-28T02:31:21Z">
          <reporter-output>
          </reporter-output>
        </test-method> <!-- setUp -->
        <test-method status="PASS" signature="verifyRegisterAccountWithEmptyTelephoneAndByEnteringAllValidFields()[pri:6, instance:com.tn.qa.testcases.RegisterAccountTest@1700915]" name="verifyRegisterAccountWithEmptyTelephoneAndByEnteringAllValidFields" duration-ms="582" started-at="2023-04-28T02:31:21Z" finished-at="2023-04-28T02:31:22Z">
          <reporter-output>
          </reporter-output>
        </test-method> <!-- verifyRegisterAccountWithEmptyTelephoneAndByEnteringAllValidFields -->
        <test-method status="PASS" signature="teardown()[pri:0, instance:com.tn.qa.testcases.RegisterAccountTest@1700915]" name="teardown" is-config="true" duration-ms="656" started-at="2023-04-28T02:31:22Z" finished-at="2023-04-28T02:31:22Z">
          <reporter-output>
          </reporter-output>
        </test-method> <!-- teardown -->
        <test-method status="PASS" signature="setUp()[pri:0, instance:com.tn.qa.testcases.RegisterAccountTest@1700915]" name="setUp" is-config="true" duration-ms="3543" started-at="2023-04-28T02:31:22Z" finished-at="2023-04-28T02:31:26Z">
          <reporter-output>
          </reporter-output>
        </test-method> <!-- setUp -->
        <test-method status="PASS" signature="verifyRegisterAccountWithEmptyPasswordAndEmptyPasswordConfirmAndByEnteringAllValidFields()[pri:7, instance:com.tn.qa.testcases.RegisterAccountTest@1700915]" name="verifyRegisterAccountWithEmptyPasswordAndEmptyPasswordConfirmAndByEnteringAllValidFields" duration-ms="592" started-at="2023-04-28T02:31:26Z" finished-at="2023-04-28T02:31:27Z">
          <reporter-output>
          </reporter-output>
        </test-method> <!-- verifyRegisterAccountWithEmptyPasswordAndEmptyPasswordConfirmAndByEnteringAllValidFields -->
        <test-method status="PASS" signature="teardown()[pri:0, instance:com.tn.qa.testcases.RegisterAccountTest@1700915]" name="teardown" is-config="true" duration-ms="650" started-at="2023-04-28T02:31:27Z" finished-at="2023-04-28T02:31:27Z">
          <reporter-output>
          </reporter-output>
        </test-method> <!-- teardown -->
        <test-method status="PASS" signature="setUp()[pri:0, instance:com.tn.qa.testcases.RegisterAccountTest@1700915]" name="setUp" is-config="true" duration-ms="3428" started-at="2023-04-28T02:31:27Z" finished-at="2023-04-28T02:31:31Z">
          <reporter-output>
          </reporter-output>
        </test-method> <!-- setUp -->
        <test-method status="PASS" signature="verifyRegisterAccountWithEmptyPaswordConfirmAndByEnteringAllValidFields()[pri:8, instance:com.tn.qa.testcases.RegisterAccountTest@1700915]" name="verifyRegisterAccountWithEmptyPaswordConfirmAndByEnteringAllValidFields" duration-ms="577" started-at="2023-04-28T02:31:31Z" finished-at="2023-04-28T02:31:31Z">
          <reporter-output>
          </reporter-output>
        </test-method> <!-- verifyRegisterAccountWithEmptyPaswordConfirmAndByEnteringAllValidFields -->
        <test-method status="PASS" signature="teardown()[pri:0, instance:com.tn.qa.testcases.RegisterAccountTest@1700915]" name="teardown" is-config="true" duration-ms="657" started-at="2023-04-28T02:31:31Z" finished-at="2023-04-28T02:31:32Z">
          <reporter-output>
          </reporter-output>
        </test-method> <!-- teardown -->
        <test-method status="PASS" signature="setUp()[pri:0, instance:com.tn.qa.testcases.RegisterAccountTest@1700915]" name="setUp" is-config="true" duration-ms="3941" started-at="2023-04-28T02:31:32Z" finished-at="2023-04-28T02:31:36Z">
          <reporter-output>
          </reporter-output>
        </test-method> <!-- setUp -->
        <test-method status="PASS" signature="verifyRegisterAccountWithEmptyTeleponeAndEmptyEmailAndByEnteringAllValidFields()[pri:9, instance:com.tn.qa.testcases.RegisterAccountTest@1700915]" name="verifyRegisterAccountWithEmptyTeleponeAndEmptyEmailAndByEnteringAllValidFields" duration-ms="607" started-at="2023-04-28T02:31:36Z" finished-at="2023-04-28T02:31:36Z">
          <reporter-output>
          </reporter-output>
        </test-method> <!-- verifyRegisterAccountWithEmptyTeleponeAndEmptyEmailAndByEnteringAllValidFields -->
        <test-method status="PASS" signature="teardown()[pri:0, instance:com.tn.qa.testcases.RegisterAccountTest@1700915]" name="teardown" is-config="true" duration-ms="624" started-at="2023-04-28T02:31:36Z" finished-at="2023-04-28T02:31:37Z">
          <reporter-output>
          </reporter-output>
        </test-method> <!-- teardown -->
        <test-method status="PASS" signature="setUp()[pri:0, instance:com.tn.qa.testcases.RegisterAccountTest@1700915]" name="setUp" is-config="true" duration-ms="3719" started-at="2023-04-28T02:31:37Z" finished-at="2023-04-28T02:31:41Z">
          <reporter-output>
          </reporter-output>
        </test-method> <!-- setUp -->
        <test-method status="PASS" signature="verifyRegisterAccountWithValidEmailAndEmptyAllFields()[pri:10, instance:com.tn.qa.testcases.RegisterAccountTest@1700915]" name="verifyRegisterAccountWithValidEmailAndEmptyAllFields" duration-ms="639" started-at="2023-04-28T02:31:41Z" finished-at="2023-04-28T02:31:41Z">
          <reporter-output>
          </reporter-output>
        </test-method> <!-- verifyRegisterAccountWithValidEmailAndEmptyAllFields -->
        <test-method status="PASS" signature="teardown()[pri:0, instance:com.tn.qa.testcases.RegisterAccountTest@1700915]" name="teardown" is-config="true" duration-ms="645" started-at="2023-04-28T02:31:41Z" finished-at="2023-04-28T02:31:42Z">
          <reporter-output>
          </reporter-output>
        </test-method> <!-- teardown -->
      </class> <!-- com.tn.qa.testcases.RegisterAccountTest -->
    </test> <!-- TN Register Tests -->
    <test name="TN Login Tests" duration-ms="33264" started-at="2023-04-28T02:31:42Z" finished-at="2023-04-28T02:32:16Z">
      <class name="com.tn.qa.testcases.LoginTest">
        <test-method status="PASS" signature="setUp()[pri:0, instance:com.tn.qa.testcases.LoginTest@28eaa59a]" name="setUp" is-config="true" duration-ms="3890" started-at="2023-04-28T02:31:42Z" finished-at="2023-04-28T02:31:46Z">
          <reporter-output>
          </reporter-output>
        </test-method> <!-- setUp -->
        <test-method status="PASS" signature="verifyValidUsernameAndValidPassword()[pri:1, instance:com.tn.qa.testcases.LoginTest@28eaa59a]" name="verifyValidUsernameAndValidPassword" duration-ms="665" started-at="2023-04-28T02:31:46Z" finished-at="2023-04-28T02:31:47Z">
          <reporter-output>
          </reporter-output>
        </test-method> <!-- verifyValidUsernameAndValidPassword -->
        <test-method status="PASS" signature="teardown()[pri:0, instance:com.tn.qa.testcases.LoginTest@28eaa59a]" name="teardown" is-config="true" duration-ms="657" started-at="2023-04-28T02:31:47Z" finished-at="2023-04-28T02:31:48Z">
          <reporter-output>
          </reporter-output>
        </test-method> <!-- teardown -->
        <test-method status="PASS" signature="setUp()[pri:0, instance:com.tn.qa.testcases.LoginTest@28eaa59a]" name="setUp" is-config="true" duration-ms="3605" started-at="2023-04-28T02:31:48Z" finished-at="2023-04-28T02:31:51Z">
          <reporter-output>
          </reporter-output>
        </test-method> <!-- setUp -->
        <test-method status="PASS" signature="verifyInvalidUsernameAndInvalidPassword()[pri:2, instance:com.tn.qa.testcases.LoginTest@28eaa59a]" name="verifyInvalidUsernameAndInvalidPassword" duration-ms="442" started-at="2023-04-28T02:31:51Z" finished-at="2023-04-28T02:31:52Z">
          <reporter-output>
          </reporter-output>
        </test-method> <!-- verifyInvalidUsernameAndInvalidPassword -->
        <test-method status="PASS" signature="teardown()[pri:0, instance:com.tn.qa.testcases.LoginTest@28eaa59a]" name="teardown" is-config="true" duration-ms="658" started-at="2023-04-28T02:31:52Z" finished-at="2023-04-28T02:31:52Z">
          <reporter-output>
          </reporter-output>
        </test-method> <!-- teardown -->
        <test-method status="PASS" signature="setUp()[pri:0, instance:com.tn.qa.testcases.LoginTest@28eaa59a]" name="setUp" is-config="true" duration-ms="3773" started-at="2023-04-28T02:31:52Z" finished-at="2023-04-28T02:31:56Z">
          <reporter-output>
          </reporter-output>
        </test-method> <!-- setUp -->
        <test-method status="PASS" signature="verifyValidUsernameAndInvalidPassword()[pri:3, instance:com.tn.qa.testcases.LoginTest@28eaa59a]" name="verifyValidUsernameAndInvalidPassword" duration-ms="451" started-at="2023-04-28T02:31:56Z" finished-at="2023-04-28T02:31:57Z">
          <reporter-output>
          </reporter-output>
        </test-method> <!-- verifyValidUsernameAndInvalidPassword -->
        <test-method status="PASS" signature="teardown()[pri:0, instance:com.tn.qa.testcases.LoginTest@28eaa59a]" name="teardown" is-config="true" duration-ms="654" started-at="2023-04-28T02:31:57Z" finished-at="2023-04-28T02:31:57Z">
          <reporter-output>
          </reporter-output>
        </test-method> <!-- teardown -->
        <test-method status="PASS" signature="setUp()[pri:0, instance:com.tn.qa.testcases.LoginTest@28eaa59a]" name="setUp" is-config="true" duration-ms="3590" started-at="2023-04-28T02:31:57Z" finished-at="2023-04-28T02:32:01Z">
          <reporter-output>
          </reporter-output>
        </test-method> <!-- setUp -->
        <test-method status="PASS" signature="verifyEmptyUsernameAndValidPassword()[pri:4, instance:com.tn.qa.testcases.LoginTest@28eaa59a]" name="verifyEmptyUsernameAndValidPassword" duration-ms="371" started-at="2023-04-28T02:32:01Z" finished-at="2023-04-28T02:32:01Z">
          <reporter-output>
          </reporter-output>
        </test-method> <!-- verifyEmptyUsernameAndValidPassword -->
        <test-method status="PASS" signature="teardown()[pri:0, instance:com.tn.qa.testcases.LoginTest@28eaa59a]" name="teardown" is-config="true" duration-ms="656" started-at="2023-04-28T02:32:01Z" finished-at="2023-04-28T02:32:02Z">
          <reporter-output>
          </reporter-output>
        </test-method> <!-- teardown -->
        <test-method status="PASS" signature="setUp()[pri:0, instance:com.tn.qa.testcases.LoginTest@28eaa59a]" name="setUp" is-config="true" duration-ms="3718" started-at="2023-04-28T02:32:02Z" finished-at="2023-04-28T02:32:06Z">
          <reporter-output>
          </reporter-output>
        </test-method> <!-- setUp -->
        <test-method status="PASS" signature="verifyValidUsernameAndEmptyPassword()[pri:5, instance:com.tn.qa.testcases.LoginTest@28eaa59a]" name="verifyValidUsernameAndEmptyPassword" duration-ms="381" started-at="2023-04-28T02:32:06Z" finished-at="2023-04-28T02:32:06Z">
          <reporter-output>
          </reporter-output>
        </test-method> <!-- verifyValidUsernameAndEmptyPassword -->
        <test-method status="PASS" signature="teardown()[pri:0, instance:com.tn.qa.testcases.LoginTest@28eaa59a]" name="teardown" is-config="true" duration-ms="659" started-at="2023-04-28T02:32:06Z" finished-at="2023-04-28T02:32:07Z">
          <reporter-output>
          </reporter-output>
        </test-method> <!-- teardown -->
        <test-method status="PASS" signature="setUp()[pri:0, instance:com.tn.qa.testcases.LoginTest@28eaa59a]" name="setUp" is-config="true" duration-ms="3433" started-at="2023-04-28T02:32:07Z" finished-at="2023-04-28T02:32:10Z">
          <reporter-output>
          </reporter-output>
        </test-method> <!-- setUp -->
        <test-method status="PASS" signature="verifyEmptyUsernameAndEmptyPassword()[pri:6, instance:com.tn.qa.testcases.LoginTest@28eaa59a]" name="verifyEmptyUsernameAndEmptyPassword" duration-ms="337" started-at="2023-04-28T02:32:10Z" finished-at="2023-04-28T02:32:10Z">
          <reporter-output>
          </reporter-output>
        </test-method> <!-- verifyEmptyUsernameAndEmptyPassword -->
        <test-method status="PASS" signature="teardown()[pri:0, instance:com.tn.qa.testcases.LoginTest@28eaa59a]" name="teardown" is-config="true" duration-ms="667" started-at="2023-04-28T02:32:10Z" finished-at="2023-04-28T02:32:11Z">
          <reporter-output>
          </reporter-output>
        </test-method> <!-- teardown -->
        <test-method status="PASS" signature="setUp()[pri:0, instance:com.tn.qa.testcases.LoginTest@28eaa59a]" name="setUp" is-config="true" duration-ms="3548" started-at="2023-04-28T02:32:11Z" finished-at="2023-04-28T02:32:15Z">
          <reporter-output>
          </reporter-output>
        </test-method> <!-- setUp -->
        <test-method status="PASS" signature="verifyInvalidUsernameAndValidPassword()[pri:7, instance:com.tn.qa.testcases.LoginTest@28eaa59a]" name="verifyInvalidUsernameAndValidPassword" duration-ms="436" started-at="2023-04-28T02:32:15Z" finished-at="2023-04-28T02:32:15Z">
          <reporter-output>
          </reporter-output>
        </test-method> <!-- verifyInvalidUsernameAndValidPassword -->
        <test-method status="PASS" signature="teardown()[pri:0, instance:com.tn.qa.testcases.LoginTest@28eaa59a]" name="teardown" is-config="true" duration-ms="669" started-at="2023-04-28T02:32:15Z" finished-at="2023-04-28T02:32:16Z">
          <reporter-output>
          </reporter-output>
        </test-method> <!-- teardown -->
      </class> <!-- com.tn.qa.testcases.LoginTest -->
    </test> <!-- TN Login Tests -->
    <test name="TN Search Products Tests" duration-ms="61960" started-at="2023-04-28T02:32:16Z" finished-at="2023-04-28T02:33:18Z">
      <class name="com.tn.qa.testcases.SearchTest">
        <test-method status="PASS" signature="setUp()[pri:0, instance:com.tn.qa.testcases.SearchTest@130161f7]" name="setUp" is-config="true" duration-ms="3196" started-at="2023-04-28T02:32:16Z" finished-at="2023-04-28T02:32:19Z">
          <reporter-output>
          </reporter-output>
        </test-method> <!-- setUp -->
        <test-method status="PASS" signature="verifyEmptySearchProduct()[pri:1, instance:com.tn.qa.testcases.SearchTest@130161f7]" name="verifyEmptySearchProduct" duration-ms="376" started-at="2023-04-28T02:32:19Z" finished-at="2023-04-28T02:32:19Z">
          <reporter-output>
          </reporter-output>
        </test-method> <!-- verifyEmptySearchProduct -->
        <test-method status="PASS" signature="teardown()[pri:0, instance:com.tn.qa.testcases.SearchTest@130161f7]" name="teardown" is-config="true" duration-ms="683" started-at="2023-04-28T02:32:19Z" finished-at="2023-04-28T02:32:20Z">
          <reporter-output>
          </reporter-output>
        </test-method> <!-- teardown -->
        <test-method status="PASS" signature="setUp()[pri:0, instance:com.tn.qa.testcases.SearchTest@130161f7]" name="setUp" is-config="true" duration-ms="3187" started-at="2023-04-28T02:32:20Z" finished-at="2023-04-28T02:32:23Z">
          <reporter-output>
          </reporter-output>
        </test-method> <!-- setUp -->
        <test-method status="PASS" signature="verifyInvalidSearchProduct()[pri:2, instance:com.tn.qa.testcases.SearchTest@130161f7]" name="verifyInvalidSearchProduct" duration-ms="403" started-at="2023-04-28T02:32:23Z" finished-at="2023-04-28T02:32:24Z">
          <reporter-output>
          </reporter-output>
        </test-method> <!-- verifyInvalidSearchProduct -->
        <test-method status="PASS" signature="teardown()[pri:0, instance:com.tn.qa.testcases.SearchTest@130161f7]" name="teardown" is-config="true" duration-ms="673" started-at="2023-04-28T02:32:24Z" finished-at="2023-04-28T02:32:24Z">
          <reporter-output>
          </reporter-output>
        </test-method> <!-- teardown -->
        <test-method status="PASS" signature="setUp()[pri:0, instance:com.tn.qa.testcases.SearchTest@130161f7]" name="setUp" is-config="true" duration-ms="3326" started-at="2023-04-28T02:32:24Z" finished-at="2023-04-28T02:32:28Z">
          <reporter-output>
          </reporter-output>
        </test-method> <!-- setUp -->
        <test-method status="PASS" signature="verifySearchProductWithSpacesInTheMiddle()[pri:3, instance:com.tn.qa.testcases.SearchTest@130161f7]" name="verifySearchProductWithSpacesInTheMiddle" duration-ms="585" started-at="2023-04-28T02:32:28Z" finished-at="2023-04-28T02:32:28Z">
          <reporter-output>
          </reporter-output>
        </test-method> <!-- verifySearchProductWithSpacesInTheMiddle -->
        <test-method status="PASS" signature="teardown()[pri:0, instance:com.tn.qa.testcases.SearchTest@130161f7]" name="teardown" is-config="true" duration-ms="658" started-at="2023-04-28T02:32:28Z" finished-at="2023-04-28T02:32:29Z">
          <reporter-output>
          </reporter-output>
        </test-method> <!-- teardown -->
        <test-method status="PASS" signature="setUp()[pri:0, instance:com.tn.qa.testcases.SearchTest@130161f7]" name="setUp" is-config="true" duration-ms="3597" started-at="2023-04-28T02:32:29Z" finished-at="2023-04-28T02:32:33Z">
          <reporter-output>
          </reporter-output>
        </test-method> <!-- setUp -->
        <test-method status="PASS" signature="verifyMisspelledSearchProduct()[pri:4, instance:com.tn.qa.testcases.SearchTest@130161f7]" name="verifyMisspelledSearchProduct" duration-ms="10358" started-at="2023-04-28T02:32:33Z" finished-at="2023-04-28T02:32:43Z">
          <reporter-output>
          </reporter-output>
        </test-method> <!-- verifyMisspelledSearchProduct -->
        <test-method status="PASS" signature="teardown()[pri:0, instance:com.tn.qa.testcases.SearchTest@130161f7]" name="teardown" is-config="true" duration-ms="678" started-at="2023-04-28T02:32:43Z" finished-at="2023-04-28T02:32:44Z">
          <reporter-output>
          </reporter-output>
        </test-method> <!-- teardown -->
        <test-method status="PASS" signature="setUp()[pri:0, instance:com.tn.qa.testcases.SearchTest@130161f7]" name="setUp" is-config="true" duration-ms="3173" started-at="2023-04-28T02:32:44Z" finished-at="2023-04-28T02:32:47Z">
          <reporter-output>
          </reporter-output>
        </test-method> <!-- setUp -->
        <test-method status="PASS" signature="verifyAllUpperCaseSearchProduct()[pri:5, instance:com.tn.qa.testcases.SearchTest@130161f7]" name="verifyAllUpperCaseSearchProduct" duration-ms="794" started-at="2023-04-28T02:32:47Z" finished-at="2023-04-28T02:32:48Z">
          <reporter-output>
          </reporter-output>
        </test-method> <!-- verifyAllUpperCaseSearchProduct -->
        <test-method status="PASS" signature="teardown()[pri:0, instance:com.tn.qa.testcases.SearchTest@130161f7]" name="teardown" is-config="true" duration-ms="652" started-at="2023-04-28T02:32:48Z" finished-at="2023-04-28T02:32:48Z">
          <reporter-output>
          </reporter-output>
        </test-method> <!-- teardown -->
        <test-method status="PASS" signature="setUp()[pri:0, instance:com.tn.qa.testcases.SearchTest@130161f7]" name="setUp" is-config="true" duration-ms="3312" started-at="2023-04-28T02:32:48Z" finished-at="2023-04-28T02:32:51Z">
          <reporter-output>
          </reporter-output>
        </test-method> <!-- setUp -->
        <test-method status="PASS" signature="verifySpecialCharacterSearchProduct()[pri:6, instance:com.tn.qa.testcases.SearchTest@130161f7]" name="verifySpecialCharacterSearchProduct" duration-ms="333" started-at="2023-04-28T02:32:51Z" finished-at="2023-04-28T02:32:52Z">
          <reporter-output>
          </reporter-output>
        </test-method> <!-- verifySpecialCharacterSearchProduct -->
        <test-method status="PASS" signature="teardown()[pri:0, instance:com.tn.qa.testcases.SearchTest@130161f7]" name="teardown" is-config="true" duration-ms="654" started-at="2023-04-28T02:32:52Z" finished-at="2023-04-28T02:32:52Z">
          <reporter-output>
          </reporter-output>
        </test-method> <!-- teardown -->
        <test-method status="PASS" signature="setUp()[pri:0, instance:com.tn.qa.testcases.SearchTest@130161f7]" name="setUp" is-config="true" duration-ms="3038" started-at="2023-04-28T02:32:52Z" finished-at="2023-04-28T02:32:56Z">
          <reporter-output>
          </reporter-output>
        </test-method> <!-- setUp -->
        <test-method status="PASS" signature="verifyNumbersInSearchProduct()[pri:7, instance:com.tn.qa.testcases.SearchTest@130161f7]" name="verifyNumbersInSearchProduct" duration-ms="325" started-at="2023-04-28T02:32:56Z" finished-at="2023-04-28T02:32:56Z">
          <reporter-output>
          </reporter-output>
        </test-method> <!-- verifyNumbersInSearchProduct -->
        <test-method status="PASS" signature="teardown()[pri:0, instance:com.tn.qa.testcases.SearchTest@130161f7]" name="teardown" is-config="true" duration-ms="659" started-at="2023-04-28T02:32:56Z" finished-at="2023-04-28T02:32:56Z">
          <reporter-output>
          </reporter-output>
        </test-method> <!-- teardown -->
        <test-method status="PASS" signature="setUp()[pri:0, instance:com.tn.qa.testcases.SearchTest@130161f7]" name="setUp" is-config="true" duration-ms="3229" started-at="2023-04-28T02:32:56Z" finished-at="2023-04-28T02:33:00Z">
          <reporter-output>
          </reporter-output>
        </test-method> <!-- setUp -->
        <test-method status="PASS" signature="SearchProductWithSpacesBetweenEachLetter()[pri:8, instance:com.tn.qa.testcases.SearchTest@130161f7]" name="SearchProductWithSpacesBetweenEachLetter" duration-ms="725" started-at="2023-04-28T02:33:00Z" finished-at="2023-04-28T02:33:00Z">
          <reporter-output>
          </reporter-output>
        </test-method> <!-- SearchProductWithSpacesBetweenEachLetter -->
        <test-method status="PASS" signature="teardown()[pri:0, instance:com.tn.qa.testcases.SearchTest@130161f7]" name="teardown" is-config="true" duration-ms="651" started-at="2023-04-28T02:33:00Z" finished-at="2023-04-28T02:33:01Z">
          <reporter-output>
          </reporter-output>
        </test-method> <!-- teardown -->
        <test-method status="PASS" signature="setUp()[pri:0, instance:com.tn.qa.testcases.SearchTest@130161f7]" name="setUp" is-config="true" duration-ms="3749" started-at="2023-04-28T02:33:01Z" finished-at="2023-04-28T02:33:05Z">
          <reporter-output>
          </reporter-output>
        </test-method> <!-- setUp -->
        <test-method status="PASS" signature="SearchProductWithLeadingAndTrailingSpaces()[pri:9, instance:com.tn.qa.testcases.SearchTest@130161f7]" name="SearchProductWithLeadingAndTrailingSpaces" duration-ms="718" started-at="2023-04-28T02:33:05Z" finished-at="2023-04-28T02:33:06Z">
          <reporter-output>
          </reporter-output>
        </test-method> <!-- SearchProductWithLeadingAndTrailingSpaces -->
        <test-method status="PASS" signature="teardown()[pri:0, instance:com.tn.qa.testcases.SearchTest@130161f7]" name="teardown" is-config="true" duration-ms="659" started-at="2023-04-28T02:33:06Z" finished-at="2023-04-28T02:33:06Z">
          <reporter-output>
          </reporter-output>
        </test-method> <!-- teardown -->
        <test-method status="PASS" signature="setUp()[pri:0, instance:com.tn.qa.testcases.SearchTest@130161f7]" name="setUp" is-config="true" duration-ms="3008" started-at="2023-04-28T02:33:06Z" finished-at="2023-04-28T02:33:09Z">
          <reporter-output>
          </reporter-output>
        </test-method> <!-- setUp -->
        <test-method status="PASS" signature="SearchProductWithPartialProductName()[pri:10, instance:com.tn.qa.testcases.SearchTest@130161f7]" name="SearchProductWithPartialProductName" duration-ms="861" started-at="2023-04-28T02:33:09Z" finished-at="2023-04-28T02:33:10Z">
          <reporter-output>
          </reporter-output>
        </test-method> <!-- SearchProductWithPartialProductName -->
        <test-method status="PASS" signature="teardown()[pri:0, instance:com.tn.qa.testcases.SearchTest@130161f7]" name="teardown" is-config="true" duration-ms="646" started-at="2023-04-28T02:33:10Z" finished-at="2023-04-28T02:33:11Z">
          <reporter-output>
          </reporter-output>
        </test-method> <!-- teardown -->
        <test-method status="PASS" signature="setUp()[pri:0, instance:com.tn.qa.testcases.SearchTest@130161f7]" name="setUp" is-config="true" duration-ms="3549" started-at="2023-04-28T02:33:11Z" finished-at="2023-04-28T02:33:14Z">
          <reporter-output>
          </reporter-output>
        </test-method> <!-- setUp -->
        <test-method status="PASS" signature="SearchProductWithTwoSpaces()[pri:11, instance:com.tn.qa.testcases.SearchTest@130161f7]" name="SearchProductWithTwoSpaces" duration-ms="2819" started-at="2023-04-28T02:33:14Z" finished-at="2023-04-28T02:33:17Z">
          <reporter-output>
          </reporter-output>
        </test-method> <!-- SearchProductWithTwoSpaces -->
        <test-method status="PASS" signature="teardown()[pri:0, instance:com.tn.qa.testcases.SearchTest@130161f7]" name="teardown" is-config="true" duration-ms="679" started-at="2023-04-28T02:33:17Z" finished-at="2023-04-28T02:33:18Z">
          <reporter-output>
          </reporter-output>
        </test-method> <!-- teardown -->
      </class> <!-- com.tn.qa.testcases.SearchTest -->
    </test> <!-- TN Search Products Tests -->
  </suite> <!-- TutorialsNinja Hybrid Automation Suite -->
</testng-results>
