<?xml version="1.0" encoding="UTF-8"?>
<testsuite xmlns:xsi="http://www.w3.org/2001/XMLSchema-instance" xsi:noNamespaceSchemaLocation="https://maven.apache.org/surefire/maven-surefire-plugin/xsd/surefire-test-report-3.0.xsd" version="3.0" name="TestSuite" time="146.407" tests="28" errors="0" skipped="0" failures="0">
  <properties>
[...]
</properties>
  <testcase name="verifyRegisterAccountWithAllValidFields" classname="com.tn.qa.testcases.RegisterAccountTest" time="0.852">
    <system-out><![CDATA[[TestNGContentHandler] [WARN] It is strongly recommended to add "<!DOCTYPE suite SYSTEM "http://testng.org/testng-1.0.dtd" >" at the top of your file, otherwise TestNG may fail or not work as expected.
]]></system-out>
    <system-err><![CDATA[SLF4J: Failed to load class "org.slf4j.impl.StaticLoggerBinder".
SLF4J: Defaulting to no-operation (NOP) logger implementation
SLF4J: See http://www.slf4j.org/codes.html#StaticLoggerBinder for further details.
ERROR StatusLogger Log4j2 could not find a logging implementation. Please add log4j-core to the classpath. Using SimpleLogger to log to the console...
Starting ChromeDriver 112.0.5615.49 (bd2a7bcb881c11e8cfe3078709382934e3916914-refs/branch-heads/5615@{#936}) on port 7677
Only local connections are allowed.
Please see https://chromedriver.chromium.org/security-considerations for suggestions on keeping ChromeDriver safe.
ChromeDriver was started successfully.
Apr 27, 2023 7:30:54 PM org.openqa.selenium.devtools.CdpVersionFinder findNearestMatch
WARNING: Unable to find an exact match for CDP version 112, so returning the closest version found: 111
]]></system-err>
  </testcase>
  <testcase name="verifyRegisterAccountWithAllEmptyFields" classname="com.tn.qa.testcases.RegisterAccountTest" time="0.682">
    <system-err><![CDATA[Starting ChromeDriver 112.0.5615.49 (bd2a7bcb881c11e8cfe3078709382934e3916914-refs/branch-heads/5615@{#936}) on port 32316
Only local connections are allowed.
Please see https://chromedriver.chromium.org/security-considerations for suggestions on keeping ChromeDriver safe.
ChromeDriver was started successfully.
Apr 27, 2023 7:30:59 PM org.openqa.selenium.devtools.CdpVersionFinder findNearestMatch
WARNING: Unable to find an exact match for CDP version 112, so returning the closest version found: 111
]]></system-err>
  </testcase>
  <testcase name="verifyRegisterAccountWithEmptyFirstNameAndByEnteringAllValidFields" classname="com.tn.qa.testcases.RegisterAccountTest" time="0.606">
    <system-err><![CDATA[Starting ChromeDriver 112.0.5615.49 (bd2a7bcb881c11e8cfe3078709382934e3916914-refs/branch-heads/5615@{#936}) on port 44214
Only local connections are allowed.
Please see https://chromedriver.chromium.org/security-considerations for suggestions on keeping ChromeDriver safe.
ChromeDriver was started successfully.
Apr 27, 2023 7:31:04 PM org.openqa.selenium.devtools.CdpVersionFinder findNearestMatch
WARNING: Unable to find an exact match for CDP version 112, so returning the closest version found: 111
]]></system-err>
  </testcase>
  <testcase name="verifyRegisterAccountWithEmptyLastnameAndByEnteringAllValidFields" classname="com.tn.qa.testcases.RegisterAccountTest" time="0.603">
    <system-err><![CDATA[Starting ChromeDriver 112.0.5615.49 (bd2a7bcb881c11e8cfe3078709382934e3916914-refs/branch-heads/5615@{#936}) on port 15663
Only local connections are allowed.
Please see https://chromedriver.chromium.org/security-considerations for suggestions on keeping ChromeDriver safe.
ChromeDriver was started successfully.
Apr 27, 2023 7:31:09 PM org.openqa.selenium.devtools.CdpVersionFinder findNearestMatch
WARNING: Unable to find an exact match for CDP version 112, so returning the closest version found: 111
]]></system-err>
  </testcase>
  <testcase name="verifyRegisterAccountWithEmptyEmailAndByEnteringAllValidFields" classname="com.tn.qa.testcases.RegisterAccountTest" time="0.585">
    <system-err><![CDATA[Starting ChromeDriver 112.0.5615.49 (bd2a7bcb881c11e8cfe3078709382934e3916914-refs/branch-heads/5615@{#936}) on port 31122
Only local connections are allowed.
Please see https://chromedriver.chromium.org/security-considerations for suggestions on keeping ChromeDriver safe.
ChromeDriver was started successfully.
Apr 27, 2023 7:31:14 PM org.openqa.selenium.devtools.CdpVersionFinder findNearestMatch
WARNING: Unable to find an exact match for CDP version 112, so returning the closest version found: 111
]]></system-err>
  </testcase>
  <testcase name="verifyRegisterAccountWithEmptyTelephoneAndByEnteringAllValidFields" classname="com.tn.qa.testcases.RegisterAccountTest" time="0.583">
    <system-err><![CDATA[Starting ChromeDriver 112.0.5615.49 (bd2a7bcb881c11e8cfe3078709382934e3916914-refs/branch-heads/5615@{#936}) on port 22870
Only local connections are allowed.
Please see https://chromedriver.chromium.org/security-considerations for suggestions on keeping ChromeDriver safe.
ChromeDriver was started successfully.
Apr 27, 2023 7:31:19 PM org.openqa.selenium.devtools.CdpVersionFinder findNearestMatch
WARNING: Unable to find an exact match for CDP version 112, so returning the closest version found: 111
]]></system-err>
  </testcase>
  <testcase name="verifyRegisterAccountWithEmptyPasswordAndEmptyPasswordConfirmAndByEnteringAllValidFields" classname="com.tn.qa.testcases.RegisterAccountTest" time="0.591">
    <system-err><![CDATA[Starting ChromeDriver 112.0.5615.49 (bd2a7bcb881c11e8cfe3078709382934e3916914-refs/branch-heads/5615@{#936}) on port 21780
Only local connections are allowed.
Please see https://chromedriver.chromium.org/security-considerations for suggestions on keeping ChromeDriver safe.
ChromeDriver was started successfully.
Apr 27, 2023 7:31:24 PM org.openqa.selenium.devtools.CdpVersionFinder findNearestMatch
WARNING: Unable to find an exact match for CDP version 112, so returning the closest version found: 111
]]></system-err>
  </testcase>
  <testcase name="verifyRegisterAccountWithEmptyPaswordConfirmAndByEnteringAllValidFields" classname="com.tn.qa.testcases.RegisterAccountTest" time="0.578">
    <system-err><![CDATA[Starting ChromeDriver 112.0.5615.49 (bd2a7bcb881c11e8cfe3078709382934e3916914-refs/branch-heads/5615@{#936}) on port 22319
Only local connections are allowed.
Please see https://chromedriver.chromium.org/security-considerations for suggestions on keeping ChromeDriver safe.
ChromeDriver was started successfully.
Apr 27, 2023 7:31:28 PM org.openqa.selenium.devtools.CdpVersionFinder findNearestMatch
WARNING: Unable to find an exact match for CDP version 112, so returning the closest version found: 111
]]></system-err>
  </testcase>
  <testcase name="verifyRegisterAccountWithEmptyTeleponeAndEmptyEmailAndByEnteringAllValidFields" classname="com.tn.qa.testcases.RegisterAccountTest" time="0.607">
    <system-err><![CDATA[Starting ChromeDriver 112.0.5615.49 (bd2a7bcb881c11e8cfe3078709382934e3916914-refs/branch-heads/5615@{#936}) on port 7750
Only local connections are allowed.
Please see https://chromedriver.chromium.org/security-considerations for suggestions on keeping ChromeDriver safe.
ChromeDriver was started successfully.
Apr 27, 2023 7:31:33 PM org.openqa.selenium.devtools.CdpVersionFinder findNearestMatch
WARNING: Unable to find an exact match for CDP version 112, so returning the closest version found: 111
]]></system-err>
  </testcase>
  <testcase name="verifyRegisterAccountWithValidEmailAndEmptyAllFields" classname="com.tn.qa.testcases.RegisterAccountTest" time="0.64">
    <system-err><![CDATA[Starting ChromeDriver 112.0.5615.49 (bd2a7bcb881c11e8cfe3078709382934e3916914-refs/branch-heads/5615@{#936}) on port 22272
Only local connections are allowed.
Please see https://chromedriver.chromium.org/security-considerations for suggestions on keeping ChromeDriver safe.
ChromeDriver was started successfully.
Apr 27, 2023 7:31:38 PM org.openqa.selenium.devtools.CdpVersionFinder findNearestMatch
WARNING: Unable to find an exact match for CDP version 112, so returning the closest version found: 111
]]></system-err>
  </testcase>
  <testcase name="verifyValidUsernameAndValidPassword" classname="com.tn.qa.testcases.LoginTest" time="0.666">
    <system-out><![CDATA[Execution of TutorialsNinja Project finished
]]></system-out>
    <system-err><![CDATA[Starting ChromeDriver 112.0.5615.49 (bd2a7bcb881c11e8cfe3078709382934e3916914-refs/branch-heads/5615@{#936}) on port 34123
Only local connections are allowed.
Please see https://chromedriver.chromium.org/security-considerations for suggestions on keeping ChromeDriver safe.
ChromeDriver was started successfully.
Apr 27, 2023 7:31:44 PM org.openqa.selenium.devtools.CdpVersionFinder findNearestMatch
WARNING: Unable to find an exact match for CDP version 112, so returning the closest version found: 111
]]></system-err>
  </testcase>
  <testcase name="verifyInvalidUsernameAndInvalidPassword" classname="com.tn.qa.testcases.LoginTest" time="0.442">
    <system-err><![CDATA[Starting ChromeDriver 112.0.5615.49 (bd2a7bcb881c11e8cfe3078709382934e3916914-refs/branch-heads/5615@{#936}) on port 46431
Only local connections are allowed.
Please see https://chromedriver.chromium.org/security-considerations for suggestions on keeping ChromeDriver safe.
ChromeDriver was started successfully.
Apr 27, 2023 7:31:49 PM org.openqa.selenium.devtools.CdpVersionFinder findNearestMatch
WARNING: Unable to find an exact match for CDP version 112, so returning the closest version found: 111
]]></system-err>
  </testcase>
  <testcase name="verifyValidUsernameAndInvalidPassword" classname="com.tn.qa.testcases.LoginTest" time="0.452">
    <system-err><![CDATA[Starting ChromeDriver 112.0.5615.49 (bd2a7bcb881c11e8cfe3078709382934e3916914-refs/branch-heads/5615@{#936}) on port 45391
Only local connections are allowed.
Please see https://chromedriver.chromium.org/security-considerations for suggestions on keeping ChromeDriver safe.
ChromeDriver was started successfully.
Apr 27, 2023 7:31:54 PM org.openqa.selenium.devtools.CdpVersionFinder findNearestMatch
WARNING: Unable to find an exact match for CDP version 112, so returning the closest version found: 111
]]></system-err>
  </testcase>
  <testcase name="verifyEmptyUsernameAndValidPassword" classname="com.tn.qa.testcases.LoginTest" time="0.371">
    <system-err><![CDATA[Starting ChromeDriver 112.0.5615.49 (bd2a7bcb881c11e8cfe3078709382934e3916914-refs/branch-heads/5615@{#936}) on port 17426
Only local connections are allowed.
Please see https://chromedriver.chromium.org/security-considerations for suggestions on keeping ChromeDriver safe.
ChromeDriver was started successfully.
Apr 27, 2023 7:31:59 PM org.openqa.selenium.devtools.CdpVersionFinder findNearestMatch
WARNING: Unable to find an exact match for CDP version 112, so returning the closest version found: 111
]]></system-err>
  </testcase>
  <testcase name="verifyValidUsernameAndEmptyPassword" classname="com.tn.qa.testcases.LoginTest" time="0.381">
    <system-err><![CDATA[Starting ChromeDriver 112.0.5615.49 (bd2a7bcb881c11e8cfe3078709382934e3916914-refs/branch-heads/5615@{#936}) on port 36609
Only local connections are allowed.
Please see https://chromedriver.chromium.org/security-considerations for suggestions on keeping ChromeDriver safe.
ChromeDriver was started successfully.
Apr 27, 2023 7:32:03 PM org.openqa.selenium.devtools.CdpVersionFinder findNearestMatch
WARNING: Unable to find an exact match for CDP version 112, so returning the closest version found: 111
]]></system-err>
  </testcase>
  <testcase name="verifyEmptyUsernameAndEmptyPassword" classname="com.tn.qa.testcases.LoginTest" time="0.337">
    <system-err><![CDATA[Starting ChromeDriver 112.0.5615.49 (bd2a7bcb881c11e8cfe3078709382934e3916914-refs/branch-heads/5615@{#936}) on port 7733
Only local connections are allowed.
Please see https://chromedriver.chromium.org/security-considerations for suggestions on keeping ChromeDriver safe.
ChromeDriver was started successfully.
Apr 27, 2023 7:32:08 PM org.openqa.selenium.devtools.CdpVersionFinder findNearestMatch
WARNING: Unable to find an exact match for CDP version 112, so returning the closest version found: 111
]]></system-err>
  </testcase>
  <testcase name="verifyInvalidUsernameAndValidPassword" classname="com.tn.qa.testcases.LoginTest" time="0.436">
    <system-err><![CDATA[Starting ChromeDriver 112.0.5615.49 (bd2a7bcb881c11e8cfe3078709382934e3916914-refs/branch-heads/5615@{#936}) on port 26311
Only local connections are allowed.
Please see https://chromedriver.chromium.org/security-considerations for suggestions on keeping ChromeDriver safe.
ChromeDriver was started successfully.
Apr 27, 2023 7:32:12 PM org.openqa.selenium.devtools.CdpVersionFinder findNearestMatch
WARNING: Unable to find an exact match for CDP version 112, so returning the closest version found: 111
]]></system-err>
  </testcase>
  <testcase name="verifyEmptySearchProduct" classname="com.tn.qa.testcases.SearchTest" time="0.376">
    <system-out><![CDATA[Execution of TutorialsNinja Project finished
]]></system-out>
    <system-err><![CDATA[Starting ChromeDriver 112.0.5615.49 (bd2a7bcb881c11e8cfe3078709382934e3916914-refs/branch-heads/5615@{#936}) on port 8842
Only local connections are allowed.
Please see https://chromedriver.chromium.org/security-considerations for suggestions on keeping ChromeDriver safe.
ChromeDriver was started successfully.
Apr 27, 2023 7:32:17 PM org.openqa.selenium.devtools.CdpVersionFinder findNearestMatch
WARNING: Unable to find an exact match for CDP version 112, so returning the closest version found: 111
]]></system-err>
  </testcase>
  <testcase name="verifyInvalidSearchProduct" classname="com.tn.qa.testcases.SearchTest" time="0.402">
    <system-err><![CDATA[Starting ChromeDriver 112.0.5615.49 (bd2a7bcb881c11e8cfe3078709382934e3916914-refs/branch-heads/5615@{#936}) on port 23121
Only local connections are allowed.
Please see https://chromedriver.chromium.org/security-considerations for suggestions on keeping ChromeDriver safe.
ChromeDriver was started successfully.
Apr 27, 2023 7:32:21 PM org.openqa.selenium.devtools.CdpVersionFinder findNearestMatch
WARNING: Unable to find an exact match for CDP version 112, so returning the closest version found: 111
]]></system-err>
  </testcase>
  <testcase name="verifySearchProductWithSpacesInTheMiddle" classname="com.tn.qa.testcases.SearchTest" time="0.586">
    <system-out><![CDATA[Number of products: 1
Product Name: iPhone
Product Description: iPhone is a revolutionary new mobile phone that allows you to make a call by simply tapping a name o..
Product Price: $123.20

Product Tax:  $101.00
]]></system-out>
    <system-err><![CDATA[Starting ChromeDriver 112.0.5615.49 (bd2a7bcb881c11e8cfe3078709382934e3916914-refs/branch-heads/5615@{#936}) on port 41077
Only local connections are allowed.
Please see https://chromedriver.chromium.org/security-considerations for suggestions on keeping ChromeDriver safe.
ChromeDriver was started successfully.
Apr 27, 2023 7:32:26 PM org.openqa.selenium.devtools.CdpVersionFinder findNearestMatch
WARNING: Unable to find an exact match for CDP version 112, so returning the closest version found: 111
]]></system-err>
  </testcase>
  <testcase name="verifyMisspelledSearchProduct" classname="com.tn.qa.testcases.SearchTest" time="10.359">
    <system-out><![CDATA[Total Number of Products : 0
]]></system-out>
    <system-err><![CDATA[Starting ChromeDriver 112.0.5615.49 (bd2a7bcb881c11e8cfe3078709382934e3916914-refs/branch-heads/5615@{#936}) on port 43638
Only local connections are allowed.
Please see https://chromedriver.chromium.org/security-considerations for suggestions on keeping ChromeDriver safe.
ChromeDriver was started successfully.
Apr 27, 2023 7:32:31 PM org.openqa.selenium.devtools.CdpVersionFinder findNearestMatch
WARNING: Unable to find an exact match for CDP version 112, so returning the closest version found: 111
]]></system-err>
  </testcase>
  <testcase name="verifyAllUpperCaseSearchProduct" classname="com.tn.qa.testcases.SearchTest" time="0.794">
    <system-out><![CDATA[Total Number of Products : 3
Number of products: 3
Product Name: MacBook
Product Description: Intel Core 2 Duo processor Powered by an Intel Core 2 Duo processor at speeds up to 2.16GHz, t..
Product Price: $602.00

Product Tax:  $500.00
Product Name: MacBook Air
Product Description: MacBook Air is ultrathin, ultraportable, and ultra unlike anything else. But you don’t lose in..
Product Price: $1,202.00

Product Tax:  $1,000.00
Product Name: MacBook Pro
Product Description: Latest Intel mobile architecture Powered by the most advanced mobile processors from Intel, ..
Product Price: $2,000.00

Product Tax:  $2,000.00
]]></system-out>
    <system-err><![CDATA[Starting ChromeDriver 112.0.5615.49 (bd2a7bcb881c11e8cfe3078709382934e3916914-refs/branch-heads/5615@{#936}) on port 41630
Only local connections are allowed.
Please see https://chromedriver.chromium.org/security-considerations for suggestions on keeping ChromeDriver safe.
ChromeDriver was started successfully.
Apr 27, 2023 7:32:45 PM org.openqa.selenium.devtools.CdpVersionFinder findNearestMatch
WARNING: Unable to find an exact match for CDP version 112, so returning the closest version found: 111
]]></system-err>
  </testcase>
  <testcase name="verifySpecialCharacterSearchProduct" classname="com.tn.qa.testcases.SearchTest" time="0.332">
    <system-err><![CDATA[Starting ChromeDriver 112.0.5615.49 (bd2a7bcb881c11e8cfe3078709382934e3916914-refs/branch-heads/5615@{#936}) on port 41147
Only local connections are allowed.
Please see https://chromedriver.chromium.org/security-considerations for suggestions on keeping ChromeDriver safe.
ChromeDriver was started successfully.
Apr 27, 2023 7:32:49 PM org.openqa.selenium.devtools.CdpVersionFinder findNearestMatch
WARNING: Unable to find an exact match for CDP version 112, so returning the closest version found: 111
]]></system-err>
  </testcase>
  <testcase name="verifyNumbersInSearchProduct" classname="com.tn.qa.testcases.SearchTest" time="0.324">
    <system-err><![CDATA[Starting ChromeDriver 112.0.5615.49 (bd2a7bcb881c11e8cfe3078709382934e3916914-refs/branch-heads/5615@{#936}) on port 2895
Only local connections are allowed.
Please see https://chromedriver.chromium.org/security-considerations for suggestions on keeping ChromeDriver safe.
ChromeDriver was started successfully.
Apr 27, 2023 7:32:54 PM org.openqa.selenium.devtools.CdpVersionFinder findNearestMatch
WARNING: Unable to find an exact match for CDP version 112, so returning the closest version found: 111
]]></system-err>
  </testcase>
  <testcase name="SearchProductWithSpacesBetweenEachLetter" classname="com.tn.qa.testcases.SearchTest" time="0.724">
    <system-out><![CDATA[Number of products: 2
Product Name: HTC Touch HD
Product Description: HTC Touch - in High Definition. Watch music videos and streaming content in awe-inspiring high defin..
Product Price: $122.00

Product Tax:  $100.00
Product Name: iPod Touch
Product Description: Revolutionary multi-touch interface. iPod touch features the same multi-touch screen technology as..
Product Price: $122.00

Product Tax:  $100.00
]]></system-out>
    <system-err><![CDATA[Starting ChromeDriver 112.0.5615.49 (bd2a7bcb881c11e8cfe3078709382934e3916914-refs/branch-heads/5615@{#936}) on port 7218
Only local connections are allowed.
Please see https://chromedriver.chromium.org/security-considerations for suggestions on keeping ChromeDriver safe.
ChromeDriver was started successfully.
Apr 27, 2023 7:32:57 PM org.openqa.selenium.devtools.CdpVersionFinder findNearestMatch
WARNING: Unable to find an exact match for CDP version 112, so returning the closest version found: 111
]]></system-err>
  </testcase>
  <testcase name="SearchProductWithLeadingAndTrailingSpaces" classname="com.tn.qa.testcases.SearchTest" time="0.717">
    <system-out><![CDATA[Number of products: 2
Product Name: Samsung SyncMaster 941BW
Product Description: Imagine the advantages of going big without slowing down. The big 19" 941BW monitor combines wi..
Product Price: $242.00

Product Tax:  $200.00
Product Name: Samsung Galaxy Tab 10.1
Product Description: Samsung Galaxy Tab 10.1, is the world’s thinnest tablet, measuring 8.6 mm thickness, running w..
Product Price: $241.99

Product Tax:  $199.99
]]></system-out>
    <system-err><![CDATA[Starting ChromeDriver 112.0.5615.49 (bd2a7bcb881c11e8cfe3078709382934e3916914-refs/branch-heads/5615@{#936}) on port 45697
Only local connections are allowed.
Please see https://chromedriver.chromium.org/security-considerations for suggestions on keeping ChromeDriver safe.
ChromeDriver was started successfully.
Apr 27, 2023 7:33:03 PM org.openqa.selenium.devtools.CdpVersionFinder findNearestMatch
WARNING: Unable to find an exact match for CDP version 112, so returning the closest version found: 111
]]></system-err>
  </testcase>
  <testcase name="SearchProductWithPartialProductName" classname="com.tn.qa.testcases.SearchTest" time="0.86">
    <system-out><![CDATA[Number of products: 3
Product Name: MacBook
Product Description: Intel Core 2 Duo processor Powered by an Intel Core 2 Duo processor at speeds up to 2.16GHz, t..
Product Price: $602.00

Product Tax:  $500.00
Product Name: MacBook Air
Product Description: MacBook Air is ultrathin, ultraportable, and ultra unlike anything else. But you don’t lose in..
Product Price: $1,202.00

Product Tax:  $1,000.00
Product Name: MacBook Pro
Product Description: Latest Intel mobile architecture Powered by the most advanced mobile processors from Intel, ..
Product Price: $2,000.00

Product Tax:  $2,000.00
]]></system-out>
    <system-err><![CDATA[Starting ChromeDriver 112.0.5615.49 (bd2a7bcb881c11e8cfe3078709382934e3916914-refs/branch-heads/5615@{#936}) on port 29988
Only local connections are allowed.
Please see https://chromedriver.chromium.org/security-considerations for suggestions on keeping ChromeDriver safe.
ChromeDriver was started successfully.
Apr 27, 2023 7:33:07 PM org.openqa.selenium.devtools.CdpVersionFinder findNearestMatch
WARNING: Unable to find an exact match for CDP version 112, so returning the closest version found: 111
]]></system-err>
  </testcase>
  <testcase name="SearchProductWithTwoSpaces" classname="com.tn.qa.testcases.SearchTest" time="2.819">
    <system-out><![CDATA[Number of products: 19
Product Name: Apple Cinema 30"
Product Description: The 30-inch Apple Cinema HD Display delivers an amazing 2560 x 1600 pixel resolution. Designed speci..
Product Price: $110.00 $122.00

Product Tax:  $90.00
Product Name: Canon EOS 5D
Product Description: Canon's press material for the EOS 5D states that it 'defines (a) new D-SLR category', while we're n..
Product Price: $98.00 $122.00

Product Tax:  $80.00
Product Name: HP LP3065
Product Description: Stop your co-workers in their tracks with the stunning new 30-inch diagonal HP LP3065 Flat Panel Mon..
Product Price: $122.00

Product Tax:  $100.00
Product Name: HTC Touch HD
Product Description: HTC Touch - in High Definition. Watch music videos and streaming content in awe-inspiring high defin..
Product Price: $122.00

Product Tax:  $100.00
Product Name: iMac
Product Description: Just when you thought iMac had everything, now there´s even more. More powerful Intel Core 2 Duo pro..
Product Price: $122.00

Product Tax:  $100.00
Product Name: iPhone
Product Description: iPhone is a revolutionary new mobile phone that allows you to make a call by simply tapping a name o..
Product Price: $123.20

Product Tax:  $101.00
Product Name: iPod Classic
Product Description: More room to move. With 80GB or 160GB of storage and up to 40 hours of battery life, the new..
Product Price: $122.00

Product Tax:  $100.00
Product Name: iPod Nano
Product Description: Video in your pocket. Its the small iPod with one very big idea: video. The worlds most popula..
Product Price: $122.00

Product Tax:  $100.00
Product Name: iPod Shuffle
Product Description: Born to be worn. Clip on the worlds most wearable music player and take up to 240 songs with y..
Product Price: $122.00

Product Tax:  $100.00
Product Name: iPod Touch
Product Description: Revolutionary multi-touch interface. iPod touch features the same multi-touch screen technology as..
Product Price: $122.00

Product Tax:  $100.00
Product Name: MacBook
Product Description: Intel Core 2 Duo processor Powered by an Intel Core 2 Duo processor at speeds up to 2.16GHz, t..
Product Price: $602.00

Product Tax:  $500.00
Product Name: MacBook Air
Product Description: MacBook Air is ultrathin, ultraportable, and ultra unlike anything else. But you don’t lose in..
Product Price: $1,202.00

Product Tax:  $1,000.00
Product Name: MacBook Pro
Product Description: Latest Intel mobile architecture Powered by the most advanced mobile processors from Intel, ..
Product Price: $2,000.00

Product Tax:  $2,000.00
Product Name: Nikon D300
Product Description: Engineered with pro-level features and performance, the 12.3-effective-megapixel D300 combines brand..
Product Price: $98.00

Product Tax:  $80.00
Product Name: Palm Treo Pro
Product Description: Redefine your workday with the Palm Treo Pro smartphone. Perfectly balanced, you can respond to busi..
Product Price: $337.99

Product Tax:  $279.99
Product Name: Product 8
Product Description: Product 8..
Product Price: $122.00

Product Tax:  $100.00
Product Name: Samsung SyncMaster 941BW
Product Description: Imagine the advantages of going big without slowing down. The big 19" 941BW monitor combines wi..
Product Price: $242.00

Product Tax:  $200.00
Product Name: Sony VAIO
Product Description: Unprecedented power. The next generation of processing technology has arrived. Built into the newest..
Product Price: $1,202.00

Product Tax:  $1,000.00
Product Name: Samsung Galaxy Tab 10.1
Product Description: Samsung Galaxy Tab 10.1, is the world’s thinnest tablet, measuring 8.6 mm thickness, running w..
Product Price: $241.99

Product Tax:  $199.99
]]></system-out>
    <system-err><![CDATA[Starting ChromeDriver 112.0.5615.49 (bd2a7bcb881c11e8cfe3078709382934e3916914-refs/branch-heads/5615@{#936}) on port 27155
Only local connections are allowed.
Please see https://chromedriver.chromium.org/security-considerations for suggestions on keeping ChromeDriver safe.
ChromeDriver was started successfully.
Apr 27, 2023 7:33:12 PM org.openqa.selenium.devtools.CdpVersionFinder findNearestMatch
WARNING: Unable to find an exact match for CDP version 112, so returning the closest version found: 111
]]></system-err>
  </testcase>
</testsuite>